<?xml version="1.0" encoding="UTF-8"?>
<!-- Generated by org.testng.reporters.JUnitReportReporter -->
<testsuite hostname="LAPTOP-5HE953J4" failures="0" tests="1" name="CryptocurrencyWallet.RestAssure" time="2.823" errors="0" timestamp="2024-07-08T17:31:15 IST" skipped="0">
  <testcase classname="CryptocurrencyWallet.RestAssure" name="getAnObject" time="2.823"/>
  <system-out/>
</testsuite> <!-- CryptocurrencyWallet.RestAssure -->
